[0;34mansible-playbook [core 2.16.5][0m
[0;34m  config file = /workspaces/toolbox/ansible/ansible.cfg[0m
[0;34m  configured module search path = ['/home/vscode/.ansible/plugins/modules', '/usr/share/ansible/plugins/modules'][0m
[0;34m  ansible python module location = /usr/local/python/3.11.8/lib/python3.11/site-packages/ansible[0m
[0;34m  ansible collection location = /home/vscode/.ansible/collections:/usr/share/ansible/collections[0m
[0;34m  executable location = /usr/local/python/current/bin/ansible-playbook[0m
[0;34m  python version = 3.11.8 (main, Mar 30 2024, 05:10:41) [GCC 11.3.0] (/usr/local/python/3.11.8/bin/python3.11)[0m
[0;34m  jinja version = 3.1.3[0m
[0;34m  libyaml = True[0m
[0;34mUsing /workspaces/toolbox/ansible/ansible.cfg as config file[0m
[0;34mredirecting (type: callback) ansible.builtin.yaml to community.general.yaml[0m
[0;34mredirecting (type: callback) ansible.builtin.yaml to community.general.yaml[0m
[0;34mSkipping callback 'default', as we already have a stdout callback.[0m
[0;34mSkipping callback 'minimal', as we already have a stdout callback.[0m
[0;34mSkipping callback 'oneline', as we already have a stdout callback.[0m

PLAYBOOK: playbook.yml *********************************************************
[0;34m3 plays in playbook.yml[0m

PLAY [Configure shell development environment] *********************************

TASK [Gathering Facts] *********************************************************
[1;30mtask path: /workspaces/toolbox/ansible/playbook.yml:2[0m
[0;32mok: [localhost][0m

TASK [shell : Include zsh tasks] ***********************************************
[1;30mtask path: /workspaces/toolbox/ansible/roles/shell/tasks/main.yml:2[0m
[0;36mincluded: /workspaces/toolbox/ansible/roles/shell/tasks/zsh.yml for localhost[0m

TASK [shell : Install zsh] *****************************************************
[1;30mtask path: /workspaces/toolbox/ansible/roles/shell/tasks/zsh.yml:2[0m
[0;32mok: [localhost] => changed=false [0m
[0;32m  cache_update_time: 1712031295[0m
[0;32m  cache_updated: false[0m

TASK [shell : Include oh my zsh tasks] *****************************************
[1;30mtask path: /workspaces/toolbox/ansible/roles/shell/tasks/main.yml:4[0m
[0;36mincluded: /workspaces/toolbox/ansible/roles/shell/tasks/omz.yml for localhost[0m

TASK [shell : Install oh my zsh] ***********************************************
[1;30mtask path: /workspaces/toolbox/ansible/roles/shell/tasks/omz.yml:2[0m
[0;32mok: [localhost] => changed=false [0m
[0;32m  after: 8e088ded8289a9db2a9f2c03cab618d6dd017dd7[0m
[0;32m  before: 8e088ded8289a9db2a9f2c03cab618d6dd017dd7[0m
[0;32m  remote_url_changed: false[0m

TASK [shell : Install zsh-syntax-highlighting plugin] **************************
[1;30mtask path: /workspaces/toolbox/ansible/roles/shell/tasks/omz.yml:8[0m
[0;32mok: [localhost] => changed=false [0m
[0;32m  after: db085e4661f6aafd24e5acb5b2e17e4dd5dddf3e[0m
[0;32m  before: db085e4661f6aafd24e5acb5b2e17e4dd5dddf3e[0m
[0;32m  remote_url_changed: false[0m

TASK [shell : Install zsh-autosuggestions plugin] ******************************
[1;30mtask path: /workspaces/toolbox/ansible/roles/shell/tasks/omz.yml:14[0m
[0;32mok: [localhost] => changed=false [0m
[0;32m  after: a411ef3e0992d4839f0732ebeb9823024afaaaa8[0m
[0;32m  before: a411ef3e0992d4839f0732ebeb9823024afaaaa8[0m
[0;32m  remote_url_changed: false[0m

TASK [shell : Install zsh-completions plugin] **********************************
[1;30mtask path: /workspaces/toolbox/ansible/roles/shell/tasks/omz.yml:20[0m
[0;32mok: [localhost] => changed=false [0m
[0;32m  after: 67921bc12502c1e7b0f156533fbac2cb51f6943d[0m
[0;32m  before: 67921bc12502c1e7b0f156533fbac2cb51f6943d[0m
[0;32m  remote_url_changed: false[0m

TASK [shell : Install forgit plugin] *******************************************
[1;30mtask path: /workspaces/toolbox/ansible/roles/shell/tasks/omz.yml:26[0m
[0;32mok: [localhost] => changed=false [0m
[0;32m  after: d582f2aa0b5bf7948d78aca05c55a974e68f4884[0m
[0;32m  before: d582f2aa0b5bf7948d78aca05c55a974e68f4884[0m
[0;32m  remote_url_changed: false[0m

TASK [shell : Include powerlevel10k tasks] *************************************
[1;30mtask path: /workspaces/toolbox/ansible/roles/shell/tasks/main.yml:6[0m
[0;36mincluded: /workspaces/toolbox/ansible/roles/shell/tasks/p10k.yml for localhost[0m

TASK [shell : Install powerlevel prompt] ***************************************
[1;30mtask path: /workspaces/toolbox/ansible/roles/shell/tasks/p10k.yml:2[0m
[0;32mok: [localhost] => changed=false [0m
[0;32m  after: 35833ea15f14b71dbcebc7e54c104d8d56ca5268[0m
[0;32m  before: 35833ea15f14b71dbcebc7e54c104d8d56ca5268[0m
[0;32m  remote_url_changed: false[0m

TASK [shell : Enable powerlevel theme] *****************************************
[1;30mtask path: /workspaces/toolbox/ansible/roles/shell/tasks/p10k.yml:9[0m
[0;32mok: [localhost] => changed=false [0m
[0;32m  dest: /home/vscode/.oh-my-zsh/custom/themes/powerlevel10k.zsh-theme[0m
[0;32m  gid: 1000[0m
[0;32m  group: vscode[0m
[0;32m  mode: '0777'[0m
[0;32m  owner: vscode[0m
[0;32m  size: 75[0m
[0;32m  src: /home/vscode/.oh-my-zsh/custom/themes/powerlevel10k/powerlevel10k.zsh-theme[0m
[0;32m  state: link[0m
[0;32m  uid: 1000[0m

TASK [shell : Include fzf tasks] ***********************************************
[1;30mtask path: /workspaces/toolbox/ansible/roles/shell/tasks/main.yml:8[0m
[0;36mincluded: /workspaces/toolbox/ansible/roles/shell/tasks/fzf.yml for localhost[0m

TASK [shell : Install base fzf dependencies] ***********************************
[1;30mtask path: /workspaces/toolbox/ansible/roles/shell/tasks/fzf.yml:2[0m
[0;32mok: [localhost] => changed=false [0m
[0;32m  cache_update_time: 1712031295[0m
[0;32m  cache_updated: false[0m

TASK [shell : Create symbolic link for fd] *************************************
[1;30mtask path: /workspaces/toolbox/ansible/roles/shell/tasks/fzf.yml:14[0m
[0;32mok: [localhost] => changed=false [0m
[0;32m  dest: /usr/bin/fd[0m
[0;32m  gid: 0[0m
[0;32m  group: root[0m
[0;32m  mode: '0777'[0m
[0;32m  owner: root[0m
[0;32m  size: 15[0m
[0;32m  src: /usr/bin/fdfind[0m
[0;32m  state: link[0m
[0;32m  uid: 0[0m

TASK [shell : Check if FZF is already installed] *******************************
[1;30mtask path: /workspaces/toolbox/ansible/roles/shell/tasks/fzf.yml:22[0m
[0;32mok: [localhost] => changed=false [0m
[0;32m  cmd:[0m
[0;32m  - which[0m
[0;32m  - fzf[0m
[0;32m  delta: '0:00:00.001684'[0m
[0;32m  end: '2024-04-02 04:49:44.029506'[0m
[0;32m  failed_when_result: false[0m
[0;32m  msg: ''[0m
[0;32m  rc: 0[0m
[0;32m  start: '2024-04-02 04:49:44.027822'[0m
[0;32m  stderr: ''[0m
[0;32m  stderr_lines: <omitted>[0m
[0;32m  stdout: /home/vscode/.fzf/bin/fzf[0m
[0;32m  stdout_lines: <omitted>[0m

TASK [shell : Uninstall FZF] ***************************************************
[1;30mtask path: /workspaces/toolbox/ansible/roles/shell/tasks/fzf.yml:28[0m
[0;36mskipping: [localhost] => changed=false [0m
[0;36m  false_condition: fzf_exists.rc == 0 and clean_install[0m
[0;36m  skip_reason: Conditional result was False[0m

TASK [shell : Remove FZF directory] ********************************************
[1;30mtask path: /workspaces/toolbox/ansible/roles/shell/tasks/fzf.yml:34[0m
[0;36mskipping: [localhost] => changed=false [0m
[0;36m  false_condition: fzf_exists.rc == 0 and clean_install[0m
[0;36m  skip_reason: Conditional result was False[0m

TASK [shell : Download latest FZF via git] *************************************
[1;30mtask path: /workspaces/toolbox/ansible/roles/shell/tasks/fzf.yml:41[0m
[0;36mskipping: [localhost] => changed=false [0m
[0;36m  false_condition: fzf_exists.rc == 0 and clean_install[0m
[0;36m  skip_reason: Conditional result was False[0m

TASK [shell : Run fzf installation script] *************************************
[1;30mtask path: /workspaces/toolbox/ansible/roles/shell/tasks/fzf.yml:49[0m
[0;32mok: [localhost] => changed=false [0m
[0;32m  cmd:[0m
[0;32m  - /home/vscode/.fzf/install[0m
[0;32m  delta: null[0m
[0;32m  end: null[0m
[0;32m  msg: Did not run command since '/home/vscode/.fzf/bin/fzf' exists[0m
[0;32m  rc: 0[0m
[0;32m  start: null[0m
[0;32m  stderr: ''[0m
[0;32m  stderr_lines: <omitted>[0m
[0;32m  stdout: skipped, since /home/vscode/.fzf/bin/fzf exists[0m
[0;32m  stdout_lines: <omitted>[0m

PLAY [Copy dotfiles to home directory] *****************************************

TASK [Gathering Facts] *********************************************************
[1;30mtask path: /workspaces/toolbox/ansible/playbook.yml:9[0m
[0;32mok: [localhost][0m

TASK [config : Install dotfiles] ***********************************************
[1;30mtask path: /workspaces/toolbox/ansible/roles/config/tasks/main.yml:2[0m
[0;36mincluded: /workspaces/toolbox/ansible/roles/config/tasks/dotfile.yml for localhost => (item=.zshrc)[0m
[0;36mincluded: /workspaces/toolbox/ansible/roles/config/tasks/dotfile.yml for localhost => (item=.p10k.zsh)[0m
[0;36mincluded: /workspaces/toolbox/ansible/roles/config/tasks/dotfile.yml for localhost => (item=.config/mods/mods.yml)[0m

TASK [config : Check if the file exists] ***************************************
[1;30mtask path: /workspaces/toolbox/ansible/roles/config/tasks/dotfile.yml:2[0m
[0;32mok: [localhost] => changed=false [0m
[0;32m  stat:[0m
[0;32m    atime: 1712033122.8848171[0m
[0;32m    attr_flags: ''[0m
[0;32m    attributes: [][0m
[0;32m    block_size: 4096[0m
[0;32m    blocks: 8[0m
[0;32m    charset: unknown[0m
[0;32m    checksum: 6341af9951e367bdd72c0128a252699fd8a12c1a[0m
[0;32m    ctime: 1712033122.856817[0m
[0;32m    dev: 126[0m
[0;32m    device_type: 0[0m
[0;32m    executable: false[0m
[0;32m    exists: true[0m
[0;32m    gid: 1000[0m
[0;32m    gr_name: vscode[0m
[0;32m    inode: 5173222[0m
[0;32m    isblk: false[0m
[0;32m    ischr: false[0m
[0;32m    isdir: false[0m
[0;32m    isfifo: false[0m
[0;32m    isgid: false[0m
[0;32m    islnk: false[0m
[0;32m    isreg: true[0m
[0;32m    issock: false[0m
[0;32m    isuid: false[0m
[0;32m    mimetype: unknown[0m
[0;32m    mode: '0644'[0m
[0;32m    mtime: 1712033122.856817[0m
[0;32m    nlink: 1[0m
[0;32m    path: /home/vscode/.zshrc[0m
[0;32m    pw_name: vscode[0m
[0;32m    readable: true[0m
[0;32m    rgrp: true[0m
[0;32m    roth: true[0m
[0;32m    rusr: true[0m
[0;32m    size: 944[0m
[0;32m    uid: 1000[0m
[0;32m    version: null[0m
[0;32m    wgrp: false[0m
[0;32m    woth: false[0m
[0;32m    writeable: true[0m
[0;32m    wusr: true[0m
[0;32m    xgrp: false[0m
[0;32m    xoth: false[0m
[0;32m    xusr: false[0m

TASK [config : Create the file if it doesn't exist] ****************************
[1;30mtask path: /workspaces/toolbox/ansible/roles/config/tasks/dotfile.yml:7[0m
[0;36mskipping: [localhost] => changed=false [0m
[0;36m  false_condition: not file_stat.stat.exists[0m
[0;36m  skip_reason: Conditional result was False[0m

TASK [config : Backup the original file] ***************************************
[1;30mtask path: /workspaces/toolbox/ansible/roles/config/tasks/dotfile.yml:14[0m
[0;32mok: [localhost] => changed=false [0m
[0;32m  checksum: 6341af9951e367bdd72c0128a252699fd8a12c1a[0m
[0;32m  dest: /home/vscode/.zshrc.bak[0m
[0;32m  gid: 1000[0m
[0;32m  group: vscode[0m
[0;32m  mode: '0644'[0m
[0;32m  owner: vscode[0m
[0;32m  path: /home/vscode/.zshrc.bak[0m
[0;32m  size: 944[0m
[0;32m  state: file[0m
[0;32m  uid: 1000[0m

TASK [config : Copy the new file] **********************************************
[1;30mtask path: /workspaces/toolbox/ansible/roles/config/tasks/dotfile.yml:21[0m
[0;32mok: [localhost] => changed=false [0m
[0;32m  checksum: 6341af9951e367bdd72c0128a252699fd8a12c1a[0m
[0;32m  dest: /home/vscode/.zshrc[0m
[0;32m  gid: 1000[0m
[0;32m  group: vscode[0m
[0;32m  mode: '0644'[0m
[0;32m  owner: vscode[0m
[0;32m  path: /home/vscode/.zshrc[0m
[0;32m  size: 944[0m
[0;32m  state: file[0m
[0;32m  uid: 1000[0m

TASK [config : Check if the file exists] ***************************************
[1;30mtask path: /workspaces/toolbox/ansible/roles/config/tasks/dotfile.yml:2[0m
[0;32mok: [localhost] => changed=false [0m
[0;32m  stat:[0m
[0;32m    atime: 1712033123.333817[0m
[0;32m    attr_flags: ''[0m
[0;32m    attributes: [][0m
[0;32m    block_size: 4096[0m
[0;32m    blocks: 184[0m
[0;32m    charset: unknown[0m
[0;32m    checksum: 0e5338dd3703ff59e5784346c55a351c3572d7fb[0m
[0;32m    ctime: 1712033123.308817[0m
[0;32m    dev: 126[0m
[0;32m    device_type: 0[0m
[0;32m    executable: false[0m
[0;32m    exists: true[0m
[0;32m    gid: 1000[0m
[0;32m    gr_name: vscode[0m
[0;32m    inode: 4682890[0m
[0;32m    isblk: false[0m
[0;32m    ischr: false[0m
[0;32m    isdir: false[0m
[0;32m    isfifo: false[0m
[0;32m    isgid: false[0m
[0;32m    islnk: false[0m
[0;32m    isreg: true[0m
[0;32m    issock: false[0m
[0;32m    isuid: false[0m
[0;32m    mimetype: unknown[0m
[0;32m    mode: '0644'[0m
[0;32m    mtime: 1712033123.308817[0m
[0;32m    nlink: 1[0m
[0;32m    path: /home/vscode/.p10k.zsh[0m
[0;32m    pw_name: vscode[0m
[0;32m    readable: true[0m
[0;32m    rgrp: true[0m
[0;32m    roth: true[0m
[0;32m    rusr: true[0m
[0;32m    size: 91316[0m
[0;32m    uid: 1000[0m
[0;32m    version: null[0m
[0;32m    wgrp: false[0m
[0;32m    woth: false[0m
[0;32m    writeable: true[0m
[0;32m    wusr: true[0m
[0;32m    xgrp: false[0m
[0;32m    xoth: false[0m
[0;32m    xusr: false[0m

TASK [config : Create the file if it doesn't exist] ****************************
[1;30mtask path: /workspaces/toolbox/ansible/roles/config/tasks/dotfile.yml:7[0m
[0;36mskipping: [localhost] => changed=false [0m
[0;36m  false_condition: not file_stat.stat.exists[0m
[0;36m  skip_reason: Conditional result was False[0m

TASK [config : Backup the original file] ***************************************
[1;30mtask path: /workspaces/toolbox/ansible/roles/config/tasks/dotfile.yml:14[0m
[0;32mok: [localhost] => changed=false [0m
[0;32m  checksum: 0e5338dd3703ff59e5784346c55a351c3572d7fb[0m
[0;32m  dest: /home/vscode/.p10k.zsh.bak[0m
[0;32m  gid: 1000[0m
[0;32m  group: vscode[0m
[0;32m  mode: '0644'[0m
[0;32m  owner: vscode[0m
[0;32m  path: /home/vscode/.p10k.zsh.bak[0m
[0;32m  size: 91316[0m
[0;32m  state: file[0m
[0;32m  uid: 1000[0m

TASK [config : Copy the new file] **********************************************
[1;30mtask path: /workspaces/toolbox/ansible/roles/config/tasks/dotfile.yml:21[0m
[0;32mok: [localhost] => changed=false [0m
[0;32m  checksum: 0e5338dd3703ff59e5784346c55a351c3572d7fb[0m
[0;32m  dest: /home/vscode/.p10k.zsh[0m
[0;32m  gid: 1000[0m
[0;32m  group: vscode[0m
[0;32m  mode: '0644'[0m
[0;32m  owner: vscode[0m
[0;32m  path: /home/vscode/.p10k.zsh[0m
[0;32m  size: 91316[0m
[0;32m  state: file[0m
[0;32m  uid: 1000[0m

TASK [config : Check if the file exists] ***************************************
[1;30mtask path: /workspaces/toolbox/ansible/roles/config/tasks/dotfile.yml:2[0m
[0;32mok: [localhost] => changed=false [0m
[0;32m  stat:[0m
[0;32m    atime: 1712033123.762537[0m
[0;32m    attr_flags: ''[0m
[0;32m    attributes: [][0m
[0;32m    block_size: 4096[0m
[0;32m    blocks: 8[0m
[0;32m    charset: unknown[0m
[0;32m    checksum: 4d3abb5c02371d7d713c0b71b3b2bae3815e1cde[0m
[0;32m    ctime: 1712033123.736537[0m
[0;32m    dev: 126[0m
[0;32m    device_type: 0[0m
[0;32m    executable: false[0m
[0;32m    exists: true[0m
[0;32m    gid: 1000[0m
[0;32m    gr_name: vscode[0m
[0;32m    inode: 5007483[0m
[0;32m    isblk: false[0m
[0;32m    ischr: false[0m
[0;32m    isdir: false[0m
[0;32m    isfifo: false[0m
[0;32m    isgid: false[0m
[0;32m    islnk: false[0m
[0;32m    isreg: true[0m
[0;32m    issock: false[0m
[0;32m    isuid: false[0m
[0;32m    mimetype: unknown[0m
[0;32m    mode: '0644'[0m
[0;32m    mtime: 1712033123.736537[0m
[0;32m    nlink: 1[0m
[0;32m    path: /home/vscode/.config/mods/mods.yml[0m
[0;32m    pw_name: vscode[0m
[0;32m    readable: true[0m
[0;32m    rgrp: true[0m
[0;32m    roth: true[0m
[0;32m    rusr: true[0m
[0;32m    size: 2725[0m
[0;32m    uid: 1000[0m
[0;32m    version: null[0m
[0;32m    wgrp: false[0m
[0;32m    woth: false[0m
[0;32m    writeable: true[0m
[0;32m    wusr: true[0m
[0;32m    xgrp: false[0m
[0;32m    xoth: false[0m
[0;32m    xusr: false[0m

TASK [config : Create the file if it doesn't exist] ****************************
[1;30mtask path: /workspaces/toolbox/ansible/roles/config/tasks/dotfile.yml:7[0m
[0;36mskipping: [localhost] => changed=false [0m
[0;36m  false_condition: not file_stat.stat.exists[0m
[0;36m  skip_reason: Conditional result was False[0m

TASK [config : Backup the original file] ***************************************
[1;30mtask path: /workspaces/toolbox/ansible/roles/config/tasks/dotfile.yml:14[0m
[0;32mok: [localhost] => changed=false [0m
[0;32m  checksum: 4d3abb5c02371d7d713c0b71b3b2bae3815e1cde[0m
[0;32m  dest: /home/vscode/.config/mods/mods.yml.bak[0m
[0;32m  gid: 1000[0m
[0;32m  group: vscode[0m
[0;32m  mode: '0644'[0m
[0;32m  owner: vscode[0m
[0;32m  path: /home/vscode/.config/mods/mods.yml.bak[0m
[0;32m  size: 2725[0m
[0;32m  state: file[0m
[0;32m  uid: 1000[0m

TASK [config : Copy the new file] **********************************************
[1;30mtask path: /workspaces/toolbox/ansible/roles/config/tasks/dotfile.yml:21[0m
[0;32mok: [localhost] => changed=false [0m
[0;32m  checksum: 4d3abb5c02371d7d713c0b71b3b2bae3815e1cde[0m
[0;32m  dest: /home/vscode/.config/mods/mods.yml[0m
[0;32m  gid: 1000[0m
[0;32m  group: vscode[0m
[0;32m  mode: '0644'[0m
[0;32m  owner: vscode[0m
[0;32m  path: /home/vscode/.config/mods/mods.yml[0m
[0;32m  size: 2725[0m
[0;32m  state: file[0m
[0;32m  uid: 1000[0m

PLAY [Configure Go for development] ********************************************

TASK [Gathering Facts] *********************************************************
[1;30mtask path: /workspaces/toolbox/ansible/playbook.yml:21[0m
[0;32mok: [localhost][0m

TASK [golang : Check if Go is already installed.] ******************************
[1;30mtask path: /workspaces/toolbox/ansible/roles/golang/tasks/main.yml:2[0m
[0;32mok: [localhost] => changed=false [0m
[0;32m  cmd:[0m
[0;32m  - /usr/local/go/bin/go[0m
[0;32m  - version[0m
[0;32m  delta: '0:00:00.002268'[0m
[0;32m  end: '2024-04-02 04:49:46.668998'[0m
[0;32m  msg: ''[0m
[0;32m  rc: 0[0m
[0;32m  start: '2024-04-02 04:49:46.666730'[0m
[0;32m  stderr: ''[0m
[0;32m  stderr_lines: <omitted>[0m
[0;32m  stdout: go version go1.21.8 linux/arm64[0m
[0;32m  stdout_lines: <omitted>[0m

TASK [golang : Remove current installation.] ***********************************
[1;30mtask path: /workspaces/toolbox/ansible/roles/golang/tasks/main.yml:14[0m
[0;36mskipping: [localhost] => changed=false [0m
[0;36m  false_condition: go_version not in go_version_result.stdout[0m
[0;36m  skip_reason: Conditional result was False[0m

TASK [golang : Download Go.] ***************************************************
[1;30mtask path: /workspaces/toolbox/ansible/roles/golang/tasks/main.yml:20[0m
[0;36mskipping: [localhost] => changed=false [0m
[0;36m  false_condition: go_version not in go_version_result.stdout[0m
[0;36m  skip_reason: Conditional result was False[0m

TASK [golang : Extract Go.] ****************************************************
[1;30mtask path: /workspaces/toolbox/ansible/roles/golang/tasks/main.yml:28[0m
[0;36mskipping: [localhost] => changed=false [0m
[0;36m  false_condition: go_version not in go_version_result.stdout[0m
[0;36m  skip_reason: Conditional result was False[0m

TASK [golang : Add Go to to system-wide $PATH.] ********************************
[1;30mtask path: /workspaces/toolbox/ansible/roles/golang/tasks/main.yml:36[0m
[0;32mok: [localhost] => changed=false [0m
[0;32m  checksum: 7d3055935071ff23a1368b0e84624db8bb7dbf03[0m
[0;32m  dest: /etc/profile.d/go-path.sh[0m
[0;32m  gid: 0[0m
[0;32m  group: root[0m
[0;32m  mode: '0644'[0m
[0;32m  owner: root[0m
[0;32m  path: /etc/profile.d/go-path.sh[0m
[0;32m  size: 35[0m
[0;32m  state: file[0m
[0;32m  uid: 0[0m

TASK [golang : Install go packages with go install.] ***************************
[1;30mtask path: /workspaces/toolbox/ansible/roles/golang/tasks/main.yml:44[0m
[0;32mok: [localhost] => (item={'key': 'run', 'value': 'github.com/amonks/run/cmd/run@latest'}) => changed=false [0m
[0;32m  ansible_loop_var: item[0m
[0;32m  cmd:[0m
[0;32m  - /usr/local/go//bin/go[0m
[0;32m  - install[0m
[0;32m  - github.com/amonks/run/cmd/run@latest[0m
[0;32m  delta: '0:00:01.563533'[0m
[0;32m  end: '2024-04-02 04:49:48.553839'[0m
[0;32m  item:[0m
[0;32m    key: run[0m
[0;32m    value: github.com/amonks/run/cmd/run@latest[0m
[0;32m  msg: ''[0m
[0;32m  rc: 0[0m
[0;32m  start: '2024-04-02 04:49:46.990306'[0m
[0;32m  stderr: ''[0m
[0;32m  stderr_lines: <omitted>[0m
[0;32m  stdout: ''[0m
[0;32m  stdout_lines: <omitted>[0m
[0;32mok: [localhost] => (item={'key': 'glow', 'value': 'github.com/charmbracelet/glow@latest'}) => changed=false [0m
[0;32m  ansible_loop_var: item[0m
[0;32m  cmd:[0m
[0;32m  - /usr/local/go//bin/go[0m
[0;32m  - install[0m
[0;32m  - github.com/charmbracelet/glow@latest[0m
[0;32m  delta: '0:00:00.648630'[0m
[0;32m  end: '2024-04-02 04:49:49.287984'[0m
[0;32m  item:[0m
[0;32m    key: glow[0m
[0;32m    value: github.com/charmbracelet/glow@latest[0m
[0;32m  msg: ''[0m
[0;32m  rc: 0[0m
[0;32m  start: '2024-04-02 04:49:48.639354'[0m
[0;32m  stderr: ''[0m
[0;32m  stderr_lines: <omitted>[0m
[0;32m  stdout: ''[0m
[0;32m  stdout_lines: <omitted>[0m
[0;32mok: [localhost] => (item={'key': 'mods', 'value': 'github.com/charmbracelet/mods@latest'}) => changed=false [0m
[0;32m  ansible_loop_var: item[0m
[0;32m  cmd:[0m
[0;32m  - /usr/local/go//bin/go[0m
[0;32m  - install[0m
[0;32m  - github.com/charmbracelet/mods@latest[0m
[0;32m  delta: '0:00:00.276747'[0m
[0;32m  end: '2024-04-02 04:49:49.644882'[0m
[0;32m  item:[0m
[0;32m    key: mods[0m
[0;32m    value: github.com/charmbracelet/mods@latest[0m
[0;32m  msg: ''[0m
[0;32m  rc: 0[0m
[0;32m  start: '2024-04-02 04:49:49.368135'[0m
[0;32m  stderr: ''[0m
[0;32m  stderr_lines: <omitted>[0m
[0;32m  stdout: ''[0m
[0;32m  stdout_lines: <omitted>[0m
[0;32mok: [localhost] => (item={'key': 'skate', 'value': 'github.com/charmbracelet/skate@latest'}) => changed=false [0m
[0;32m  ansible_loop_var: item[0m
[0;32m  cmd:[0m
[0;32m  - /usr/local/go//bin/go[0m
[0;32m  - install[0m
[0;32m  - github.com/charmbracelet/skate@latest[0m
[0;32m  delta: '0:00:00.540394'[0m
[0;32m  end: '2024-04-02 04:49:50.268053'[0m
[0;32m  item:[0m
[0;32m    key: skate[0m
[0;32m    value: github.com/charmbracelet/skate@latest[0m
[0;32m  msg: ''[0m
[0;32m  rc: 0[0m
[0;32m  start: '2024-04-02 04:49:49.727659'[0m
[0;32m  stderr: ''[0m
[0;32m  stderr_lines: <omitted>[0m
[0;32m  stdout: ''[0m
[0;32m  stdout_lines: <omitted>[0m
[0;32mok: [localhost] => (item={'key': 'gum', 'value': 'github.com/charmbracelet/gum@latest'}) => changed=false [0m
[0;32m  ansible_loop_var: item[0m
[0;32m  cmd:[0m
[0;32m  - /usr/local/go//bin/go[0m
[0;32m  - install[0m
[0;32m  - github.com/charmbracelet/gum@latest[0m
[0;32m  delta: '0:00:00.262994'[0m
[0;32m  end: '2024-04-02 04:49:50.612807'[0m
[0;32m  item:[0m
[0;32m    key: gum[0m
[0;32m    value: github.com/charmbracelet/gum@latest[0m
[0;32m  msg: ''[0m
[0;32m  rc: 0[0m
[0;32m  start: '2024-04-02 04:49:50.349813'[0m
[0;32m  stderr: ''[0m
[0;32m  stderr_lines: <omitted>[0m
[0;32m  stdout: ''[0m
[0;32m  stdout_lines: <omitted>[0m
[0;32mok: [localhost] => (item={'key': 'freeze', 'value': 'github.com/charmbracelet/freeze@latest'}) => changed=false [0m
[0;32m  ansible_loop_var: item[0m
[0;32m  cmd:[0m
[0;32m  - /usr/local/go//bin/go[0m
[0;32m  - install[0m
[0;32m  - github.com/charmbracelet/freeze@latest[0m
[0;32m  delta: '0:00:00.260156'[0m
[0;32m  end: '2024-04-02 04:49:50.956746'[0m
[0;32m  item:[0m
[0;32m    key: freeze[0m
[0;32m    value: github.com/charmbracelet/freeze@latest[0m
[0;32m  msg: ''[0m
[0;32m  rc: 0[0m
[0;32m  start: '2024-04-02 04:49:50.696590'[0m
[0;32m  stderr: ''[0m
[0;32m  stderr_lines: <omitted>[0m
[0;32m  stdout: ''[0m
[0;32m  stdout_lines: <omitted>[0m

PLAY RECAP *********************************************************************
[0;32mlocalhost[0m                  : [0;32mok=34  [0m changed=0    unreachable=0    failed=0    [0;36mskipped=9   [0m rescued=0    ignored=0   

